<?xml version="1.0" encoding="UTF-8"?>
<!-- Generated by org.testng.reporters.JUnitXMLReporter -->
<testsuite ignored="4" hostname="Pebbles" failures="0" tests="1" name="Default test" time="2.083" errors="0" timestamp="2023-03-13T19:56:31 EDT">
  <testcase classname="com.tests.ApiAssesmentE2E" name="tc5GetWithEmployeeid" time="1.626"/>
  <testcase classname="com.tests.ApiAssesmentE2E" name="tc1GetEmployee" time="0.0">
    <ignored/>
  </testcase> <!-- tc1GetEmployee -->
  <testcase classname="com.tests.ApiAssesmentE2E" name="tc2CreateEmployee" time="0.0">
    <ignored/>
  </testcase> <!-- tc2CreateEmployee -->
  <testcase classname="com.tests.ApiAssesmentE2E" name="tc4deleteEmployeewithidis0" time="0.0">
    <ignored/>
  </testcase> <!-- tc4deleteEmployeewithidis0 -->
  <testcase classname="com.tests.ApiAssesmentE2E" name="tc3deleteEmployee" time="0.0">
    <ignored/>
  </testcase> <!-- tc3deleteEmployee -->
</testsuite> <!-- Default test -->
