<?xml version="1.0" encoding="UTF-8"?>
<testng-results ignored="4" total="5" passed="1" failed="0" skipped="0">
  <reporter-output>
  </reporter-output>
  <suite started-at="2023-03-13T19:56:28 EDT" name="Default suite" finished-at="2023-03-13T19:56:31 EDT" duration-ms="2083">
    <groups>
    </groups>
    <test started-at="2023-03-13T19:56:28 EDT" name="Default test" finished-at="2023-03-13T19:56:31 EDT" duration-ms="2083">
      <class name="com.tests.ApiAssesmentE2E">
        <test-method is-config="true" signature="setuptest()[pri:0, instance:com.tests.ApiAssesmentE2E@6d763516]" started-at="2023-03-13T19:56:29 EDT" name="setuptest" finished-at="2023-03-13T19:56:29 EDT" duration-ms="426" status="PASS">
          <reporter-output>
          </reporter-output>
        </test-method> <!-- setuptest -->
        <test-method signature="tc5GetWithEmployeeid()[pri:0, instance:com.tests.ApiAssesmentE2E@6d763516]" started-at="2023-03-13T19:56:29 EDT" name="tc5GetWithEmployeeid" finished-at="2023-03-13T19:56:31 EDT" duration-ms="1626" status="PASS">
          <reporter-output>
          </reporter-output>
        </test-method> <!-- tc5GetWithEmployeeid -->
      </class> <!-- com.tests.ApiAssesmentE2E -->
    </test> <!-- Default test -->
  </suite> <!-- Default suite -->
</testng-results>
